{"total": {"lines":{"total":297,"covered":241,"skipped":0,"pct":81.14},"statements":{"total":297,"covered":241,"skipped":0,"pct":81.14},"functions":{"total":33,"covered":28,"skipped":0,"pct":84.85},"branches":{"total":118,"covered":82,"skipped":0,"pct":69.49}}
,"C:\\qualityforschool\\sqe-workshop-2018-sample-project-master\\src\\js\\SymbolicSubstitutioner.js": {"lines":{"total":158,"covered":149,"skipped":0,"pct":94.3},"functions":{"total":13,"covered":13,"skipped":0,"pct":100},"statements":{"total":158,"covered":149,"skipped":0,"pct":94.3},"branches":{"total":64,"covered":58,"skipped":0,"pct":90.63}}
,"C:\\qualityforschool\\sqe-workshop-2018-sample-project-master\\src\\js\\code-analyzer.js": {"lines":{"total":139,"covered":92,"skipped":0,"pct":66.19},"functions":{"total":20,"covered":15,"skipped":0,"pct":75},"statements":{"total":139,"covered":92,"skipped":0,"pct":66.19},"branches":{"total":54,"covered":24,"skipped":0,"pct":44.44}}
}
